c:\projects\rmgameengine\designcsg\x64\debug\vc143.pdb
c:\projects\rmgameengine\designcsg\x64\debug\vc143.idb
c:\projects\rmgameengine\designcsg\x64\debug\utils.obj
c:\projects\rmgameengine\designcsg\x64\debug\stdcapture.obj
c:\projects\rmgameengine\designcsg\x64\debug\designcsg.obj
c:\projects\rmgameengine\designcsg\x64\debug\drawpane.obj
c:\projects\rmgameengine\designcsg\x64\debug\evaluator.obj
c:\projects\rmgameengine\designcsg\x64\debug\cvector.obj
c:\projects\rmgameengine\designcsg\x64\debug\wxbase315ud_vc_custom.dll
c:\projects\rmgameengine\designcsg\x64\debug\zlibd1.dll
c:\projects\rmgameengine\designcsg\x64\debug\wxmsw315ud_core_vc_custom.dll
c:\projects\rmgameengine\designcsg\x64\debug\jpeg62.dll
c:\projects\rmgameengine\designcsg\x64\debug\libpng16d.dll
c:\projects\rmgameengine\designcsg\x64\debug\tiffd.dll
c:\projects\rmgameengine\designcsg\x64\debug\liblzma.dll
c:\projects\rmgameengine\designcsg\x64\debug\wxmsw315ud_stc_vc_custom.dll
c:\projects\rmgameengine\designcsg\x64\debug\designcsg.exe
c:\projects\rmgameengine\designcsg\x64\debug\designcsg.ilk
c:\projects\rmgameengine\designcsg\x64\debug\designcsg.pdb
c:\projects\rmgameengine\designcsg\x64\debug\designcsg.tlog\cl.command.1.tlog
c:\projects\rmgameengine\designcsg\x64\debug\designcsg.tlog\cl.read.1.tlog
c:\projects\rmgameengine\designcsg\x64\debug\designcsg.tlog\cl.write.1.tlog
c:\projects\rmgameengine\designcsg\x64\debug\designcsg.tlog\designcsg.write.1u.tlog
c:\projects\rmgameengine\designcsg\x64\debug\designcsg.tlog\link.command.1.tlog
c:\projects\rmgameengine\designcsg\x64\debug\designcsg.tlog\link.read.1.tlog
c:\projects\rmgameengine\designcsg\x64\debug\designcsg.tlog\link.write.1.tlog
