  Utils.cpp
  cl_version.h: CL_TARGET_OPENCL_VERSION is not defined. Defaulting to 220 (OpenCL 2.2)
C:\Projects\DesignCSG\Utils.h(20,1): warning C4005: 'T_max': macro redefinition
C:\Projects\DesignCSG\CVector.h(14): message : see previous definition of 'T_max'
C:\Projects\DesignCSG\Utils.h(21,1): warning C4005: 'T_min': macro redefinition
C:\Projects\DesignCSG\CVector.h(13): message : see previous definition of 'T_min'
C:\Projects\DesignCSG\Utils.cpp(179,23): warning C4267: 'initializing': conversion from 'size_t' to 'int', possible loss of data
C:\Projects\DesignCSG\Utils.cpp(188,29): warning C4838: conversion from 'double' to 'float' requires a narrowing conversion
C:\Projects\DesignCSG\Utils.cpp(188,29): warning C4244: 'initializing': conversion from 'double' to 'float', possible loss of data
C:\Projects\DesignCSG\Utils.cpp(188,47): warning C4838: conversion from 'double' to 'float' requires a narrowing conversion
C:\Projects\DesignCSG\Utils.cpp(188,47): warning C4244: 'initializing': conversion from 'double' to 'float', possible loss of data
C:\Projects\DesignCSG\Utils.cpp(188,65): warning C4838: conversion from 'double' to 'float' requires a narrowing conversion
C:\Projects\DesignCSG\Utils.cpp(188,65): warning C4244: 'initializing': conversion from 'double' to 'float', possible loss of data
C:\Projects\DesignCSG\Utils.cpp(189,29): warning C4838: conversion from 'double' to 'float' requires a narrowing conversion
C:\Projects\DesignCSG\Utils.cpp(189,29): warning C4244: 'initializing': conversion from 'double' to 'float', possible loss of data
C:\Projects\DesignCSG\Utils.cpp(189,47): warning C4838: conversion from 'double' to 'float' requires a narrowing conversion
C:\Projects\DesignCSG\Utils.cpp(189,47): warning C4244: 'initializing': conversion from 'double' to 'float', possible loss of data
C:\Projects\DesignCSG\Utils.cpp(189,65): warning C4838: conversion from 'double' to 'float' requires a narrowing conversion
C:\Projects\DesignCSG\Utils.cpp(189,65): warning C4244: 'initializing': conversion from 'double' to 'float', possible loss of data
C:\Projects\DesignCSG\Utils.cpp(190,29): warning C4838: conversion from 'double' to 'float' requires a narrowing conversion
C:\Projects\DesignCSG\Utils.cpp(190,29): warning C4244: 'initializing': conversion from 'double' to 'float', possible loss of data
C:\Projects\DesignCSG\Utils.cpp(190,47): warning C4838: conversion from 'double' to 'float' requires a narrowing conversion
C:\Projects\DesignCSG\Utils.cpp(190,47): warning C4244: 'initializing': conversion from 'double' to 'float', possible loss of data
C:\Projects\DesignCSG\Utils.cpp(190,65): warning C4838: conversion from 'double' to 'float' requires a narrowing conversion
C:\Projects\DesignCSG\Utils.cpp(190,65): warning C4244: 'initializing': conversion from 'double' to 'float', possible loss of data
  DesignCSG.vcxproj -> C:\Projects\DesignCSG\x64\Debug\DesignCSG.exe
